<?xml version="1.0" encoding="UTF-8"?>
<testsuite name="ShapeCalculatorTest" tests="4" skipped="0" failures="0" errors="0" timestamp="2021-01-28T10:09:01" hostname="procurapc-Vostro-14-3468" time="0.282">
  <properties/>
  <testcase name="should have area and perimeter changed correctly when shape is changed[0]" classname="ShapeCalculatorTest" time="0.278"/>
  <testcase name="should have area and perimeter initial values of 0[0]" classname="ShapeCalculatorTest" time="0.0"/>
  <testcase name="should have area and perimeter changed correctly when shape is changed[1]" classname="ShapeCalculatorTest" time="0.002"/>
  <testcase name="should have area and perimeter initial values of 0[1]" classname="ShapeCalculatorTest" time="0.0"/>
  <system-out><![CDATA[]]></system-out>
  <system-err><![CDATA[]]></system-err>
</testsuite>
